CRITICAL - 2023-01-12 02:59:55 --> unlink(2): No such file or directory
in APPPATH\Controllers\Administradores.php on line 25.
 1 [internal function]: CodeIgniter\Debug\Exceptions->errorHandler(2, 'unlink(2): No such file or directory', 'APPPATH\\Controllers\\Administradores.php', 25)
 2 APPPATH\Controllers\Administradores.php(25): unlink('2')
 3 SYSTEMPATH\CodeIgniter.php(925): App\Controllers\Administradores->borrarAdmin('2')
 4 SYSTEMPATH\CodeIgniter.php(480): CodeIgniter\CodeIgniter->runController(Object(App\Controllers\Administradores))
 5 SYSTEMPATH\CodeIgniter.php(349): CodeIgniter\CodeIgniter->handleRequest(null, Object(Config\Cache), false)
 6 FCPATH\index.php(67): CodeIgniter\CodeIgniter->run()
CRITICAL - 2023-01-12 03:00:28 --> unlink(2): No such file or directory
in APPPATH\Controllers\Administradores.php on line 25.
 1 [internal function]: CodeIgniter\Debug\Exceptions->errorHandler(2, 'unlink(2): No such file or directory', 'APPPATH\\Controllers\\Administradores.php', 25)
 2 APPPATH\Controllers\Administradores.php(25): unlink('2')
 3 SYSTEMPATH\CodeIgniter.php(925): App\Controllers\Administradores->borrarAdmin('2')
 4 SYSTEMPATH\CodeIgniter.php(480): CodeIgniter\CodeIgniter->runController(Object(App\Controllers\Administradores))
 5 SYSTEMPATH\CodeIgniter.php(349): CodeIgniter\CodeIgniter->handleRequest(null, Object(Config\Cache), false)
 6 FCPATH\index.php(67): CodeIgniter\CodeIgniter->run()
CRITICAL - 2023-01-12 03:00:45 --> Call to undefined method CodeIgniter\HTTP\Response::with()
in APPPATH\Controllers\Administradores.php on line 27.
 1 SYSTEMPATH\CodeIgniter.php(925): App\Controllers\Administradores->borrarAdmin('2')
 2 SYSTEMPATH\CodeIgniter.php(480): CodeIgniter\CodeIgniter->runController(Object(App\Controllers\Administradores))
 3 SYSTEMPATH\CodeIgniter.php(349): CodeIgniter\CodeIgniter->handleRequest(null, Object(Config\Cache), false)
 4 FCPATH\index.php(67): CodeIgniter\CodeIgniter->run()
CRITICAL - 2023-01-12 03:54:36 --> Undefined variable $Admin
in APPPATH\Views\editarAdministrador.php on line 21.
 1 APPPATH\Views\editarAdministrador.php(21): CodeIgniter\Debug\Exceptions->errorHandler(2, 'Undefined variable $Admin', 'APPPATH\\Views\\editarAdministrador.php', 21)
 2 SYSTEMPATH\View\View.php(213): include('APPPATH\\Views\\editarAdministrador.php')
 3 SYSTEMPATH\View\View.php(216): CodeIgniter\View\View->CodeIgniter\View\{closure}()
 4 SYSTEMPATH\Common.php(1135): CodeIgniter\View\View->render('editarAdministrador', [], true)
 5 APPPATH\Controllers\Administradores.php(34): view('editarAdministrador', [...])
 6 SYSTEMPATH\CodeIgniter.php(925): App\Controllers\Administradores->editarAdmin('1')
 7 SYSTEMPATH\CodeIgniter.php(480): CodeIgniter\CodeIgniter->runController(Object(App\Controllers\Administradores))
 8 SYSTEMPATH\CodeIgniter.php(349): CodeIgniter\CodeIgniter->handleRequest(null, Object(Config\Cache), false)
 9 FCPATH\index.php(67): CodeIgniter\CodeIgniter->run()
CRITICAL - 2023-01-12 03:59:17 --> Undefined variable $Admin
in APPPATH\Views\editarAdministrador.php on line 21.
 1 APPPATH\Views\editarAdministrador.php(21): CodeIgniter\Debug\Exceptions->errorHandler(2, 'Undefined variable $Admin', 'APPPATH\\Views\\editarAdministrador.php', 21)
 2 SYSTEMPATH\View\View.php(213): include('APPPATH\\Views\\editarAdministrador.php')
 3 SYSTEMPATH\View\View.php(216): CodeIgniter\View\View->CodeIgniter\View\{closure}()
 4 SYSTEMPATH\Common.php(1135): CodeIgniter\View\View->render('editarAdministrador', [], true)
 5 APPPATH\Controllers\Administradores.php(34): view('editarAdministrador', [...])
 6 SYSTEMPATH\CodeIgniter.php(925): App\Controllers\Administradores->editarAdmin('1')
 7 SYSTEMPATH\CodeIgniter.php(480): CodeIgniter\CodeIgniter->runController(Object(App\Controllers\Administradores))
 8 SYSTEMPATH\CodeIgniter.php(349): CodeIgniter\CodeIgniter->handleRequest(null, Object(Config\Cache), false)
 9 FCPATH\index.php(67): CodeIgniter\CodeIgniter->run()
CRITICAL - 2023-01-12 04:01:07 --> Undefined variable $Admin
in APPPATH\Views\editarAdministrador.php on line 21.
 1 APPPATH\Views\editarAdministrador.php(21): CodeIgniter\Debug\Exceptions->errorHandler(2, 'Undefined variable $Admin', 'APPPATH\\Views\\editarAdministrador.php', 21)
 2 SYSTEMPATH\View\View.php(213): include('APPPATH\\Views\\editarAdministrador.php')
 3 SYSTEMPATH\View\View.php(216): CodeIgniter\View\View->CodeIgniter\View\{closure}()
 4 SYSTEMPATH\Common.php(1135): CodeIgniter\View\View->render('editarAdministrador', [], true)
 5 APPPATH\Controllers\Administradores.php(34): view('editarAdministrador', [...])
 6 SYSTEMPATH\CodeIgniter.php(925): App\Controllers\Administradores->editarAdmin('1')
 7 SYSTEMPATH\CodeIgniter.php(480): CodeIgniter\CodeIgniter->runController(Object(App\Controllers\Administradores))
 8 SYSTEMPATH\CodeIgniter.php(349): CodeIgniter\CodeIgniter->handleRequest(null, Object(Config\Cache), false)
 9 FCPATH\index.php(67): CodeIgniter\CodeIgniter->run()
CRITICAL - 2023-01-12 04:06:29 --> Undefined variable $Admin
in APPPATH\Views\editarAdministrador.php on line 21.
 1 APPPATH\Views\editarAdministrador.php(21): CodeIgniter\Debug\Exceptions->errorHandler(2, 'Undefined variable $Admin', 'APPPATH\\Views\\editarAdministrador.php', 21)
 2 SYSTEMPATH\View\View.php(213): include('APPPATH\\Views\\editarAdministrador.php')
 3 SYSTEMPATH\View\View.php(216): CodeIgniter\View\View->CodeIgniter\View\{closure}()
 4 SYSTEMPATH\Common.php(1135): CodeIgniter\View\View->render('editarAdministrador', [], true)
 5 APPPATH\Controllers\Administradores.php(34): view('editarAdministrador', [...])
 6 SYSTEMPATH\CodeIgniter.php(925): App\Controllers\Administradores->editarAdmin('1')
 7 SYSTEMPATH\CodeIgniter.php(480): CodeIgniter\CodeIgniter->runController(Object(App\Controllers\Administradores))
 8 SYSTEMPATH\CodeIgniter.php(349): CodeIgniter\CodeIgniter->handleRequest(null, Object(Config\Cache), false)
 9 FCPATH\index.php(67): CodeIgniter\CodeIgniter->run()
CRITICAL - 2023-01-12 04:10:33 --> Undefined variable $Admin
in APPPATH\Views\pagAdmin.php on line 39.
 1 APPPATH\Views\pagAdmin.php(39): CodeIgniter\Debug\Exceptions->errorHandler(2, 'Undefined variable $Admin', 'APPPATH\\Views\\pagAdmin.php', 39)
 2 SYSTEMPATH\View\View.php(213): include('APPPATH\\Views\\pagAdmin.php')
 3 SYSTEMPATH\View\View.php(216): CodeIgniter\View\View->CodeIgniter\View\{closure}()
 4 SYSTEMPATH\Common.php(1135): CodeIgniter\View\View->render('pagAdmin', [], true)
 5 APPPATH\Controllers\Administradores.php(19): view('pagAdmin', [...])
 6 SYSTEMPATH\CodeIgniter.php(925): App\Controllers\Administradores->listarAdmins()
 7 SYSTEMPATH\CodeIgniter.php(480): CodeIgniter\CodeIgniter->runController(Object(App\Controllers\Administradores))
 8 SYSTEMPATH\CodeIgniter.php(349): CodeIgniter\CodeIgniter->handleRequest(null, Object(Config\Cache), false)
 9 FCPATH\index.php(67): CodeIgniter\CodeIgniter->run()
CRITICAL - 2023-01-12 04:10:46 --> Undefined variable $Admin
in APPPATH\Views\pagAdmin.php on line 39.
 1 APPPATH\Views\pagAdmin.php(39): CodeIgniter\Debug\Exceptions->errorHandler(2, 'Undefined variable $Admin', 'APPPATH\\Views\\pagAdmin.php', 39)
 2 SYSTEMPATH\View\View.php(213): include('APPPATH\\Views\\pagAdmin.php')
 3 SYSTEMPATH\View\View.php(216): CodeIgniter\View\View->CodeIgniter\View\{closure}()
 4 SYSTEMPATH\Common.php(1135): CodeIgniter\View\View->render('pagAdmin', [], true)
 5 APPPATH\Controllers\Administradores.php(19): view('pagAdmin', [...])
 6 SYSTEMPATH\CodeIgniter.php(925): App\Controllers\Administradores->listarAdmins()
 7 SYSTEMPATH\CodeIgniter.php(480): CodeIgniter\CodeIgniter->runController(Object(App\Controllers\Administradores))
 8 SYSTEMPATH\CodeIgniter.php(349): CodeIgniter\CodeIgniter->handleRequest(null, Object(Config\Cache), false)
 9 FCPATH\index.php(67): CodeIgniter\CodeIgniter->run()
CRITICAL - 2023-01-12 04:17:08 --> Undefined variable $Admin
in APPPATH\Views\pagAdmin.php on line 39.
 1 APPPATH\Views\pagAdmin.php(39): CodeIgniter\Debug\Exceptions->errorHandler(2, 'Undefined variable $Admin', 'APPPATH\\Views\\pagAdmin.php', 39)
 2 SYSTEMPATH\View\View.php(213): include('APPPATH\\Views\\pagAdmin.php')
 3 SYSTEMPATH\View\View.php(216): CodeIgniter\View\View->CodeIgniter\View\{closure}()
 4 SYSTEMPATH\Common.php(1135): CodeIgniter\View\View->render('pagAdmin', [], true)
 5 APPPATH\Controllers\Administradores.php(19): view('pagAdmin', [...])
 6 SYSTEMPATH\CodeIgniter.php(925): App\Controllers\Administradores->listarAdmins()
 7 SYSTEMPATH\CodeIgniter.php(480): CodeIgniter\CodeIgniter->runController(Object(App\Controllers\Administradores))
 8 SYSTEMPATH\CodeIgniter.php(349): CodeIgniter\CodeIgniter->handleRequest(null, Object(Config\Cache), false)
 9 FCPATH\index.php(67): CodeIgniter\CodeIgniter->run()
CRITICAL - 2023-01-12 04:18:12 --> Undefined variable $Admin
in APPPATH\Views\editarAdministrador.php on line 21.
 1 APPPATH\Views\editarAdministrador.php(21): CodeIgniter\Debug\Exceptions->errorHandler(2, 'Undefined variable $Admin', 'APPPATH\\Views\\editarAdministrador.php', 21)
 2 SYSTEMPATH\View\View.php(213): include('APPPATH\\Views\\editarAdministrador.php')
 3 SYSTEMPATH\View\View.php(216): CodeIgniter\View\View->CodeIgniter\View\{closure}()
 4 SYSTEMPATH\Common.php(1135): CodeIgniter\View\View->render('editarAdministrador', [], true)
 5 APPPATH\Controllers\Administradores.php(34): view('editarAdministrador', [...])
 6 SYSTEMPATH\CodeIgniter.php(925): App\Controllers\Administradores->editarAdmin('1')
 7 SYSTEMPATH\CodeIgniter.php(480): CodeIgniter\CodeIgniter->runController(Object(App\Controllers\Administradores))
 8 SYSTEMPATH\CodeIgniter.php(349): CodeIgniter\CodeIgniter->handleRequest(null, Object(Config\Cache), false)
 9 FCPATH\index.php(67): CodeIgniter\CodeIgniter->run()
CRITICAL - 2023-01-12 04:19:18 --> Undefined variable $admin
in APPPATH\Views\editarAdministrador.php on line 21.
 1 APPPATH\Views\editarAdministrador.php(21): CodeIgniter\Debug\Exceptions->errorHandler(2, 'Undefined variable $admin', 'APPPATH\\Views\\editarAdministrador.php', 21)
 2 SYSTEMPATH\View\View.php(213): include('APPPATH\\Views\\editarAdministrador.php')
 3 SYSTEMPATH\View\View.php(216): CodeIgniter\View\View->CodeIgniter\View\{closure}()
 4 SYSTEMPATH\Common.php(1135): CodeIgniter\View\View->render('editarAdministrador', [], true)
 5 APPPATH\Controllers\Administradores.php(34): view('editarAdministrador', [...])
 6 SYSTEMPATH\CodeIgniter.php(925): App\Controllers\Administradores->editarAdmin('1')
 7 SYSTEMPATH\CodeIgniter.php(480): CodeIgniter\CodeIgniter->runController(Object(App\Controllers\Administradores))
 8 SYSTEMPATH\CodeIgniter.php(349): CodeIgniter\CodeIgniter->handleRequest(null, Object(Config\Cache), false)
 9 FCPATH\index.php(67): CodeIgniter\CodeIgniter->run()
CRITICAL - 2023-01-12 04:25:10 --> Undefined variable $admin
in APPPATH\Views\editarAdministrador.php on line 21.
 1 APPPATH\Views\editarAdministrador.php(21): CodeIgniter\Debug\Exceptions->errorHandler(2, 'Undefined variable $admin', 'APPPATH\\Views\\editarAdministrador.php', 21)
 2 SYSTEMPATH\View\View.php(213): include('APPPATH\\Views\\editarAdministrador.php')
 3 SYSTEMPATH\View\View.php(216): CodeIgniter\View\View->CodeIgniter\View\{closure}()
 4 SYSTEMPATH\Common.php(1135): CodeIgniter\View\View->render('editarAdministrador', [], true)
 5 APPPATH\Controllers\Administradores.php(34): view('editarAdministrador')
 6 SYSTEMPATH\CodeIgniter.php(925): App\Controllers\Administradores->editarAdmin('1')
 7 SYSTEMPATH\CodeIgniter.php(480): CodeIgniter\CodeIgniter->runController(Object(App\Controllers\Administradores))
 8 SYSTEMPATH\CodeIgniter.php(349): CodeIgniter\CodeIgniter->handleRequest(null, Object(Config\Cache), false)
 9 FCPATH\index.php(67): CodeIgniter\CodeIgniter->run()
CRITICAL - 2023-01-12 04:26:04 --> Undefined variable $Admin
in APPPATH\Views\editarAdministrador.php on line 21.
 1 APPPATH\Views\editarAdministrador.php(21): CodeIgniter\Debug\Exceptions->errorHandler(2, 'Undefined variable $Admin', 'APPPATH\\Views\\editarAdministrador.php', 21)
 2 SYSTEMPATH\View\View.php(213): include('APPPATH\\Views\\editarAdministrador.php')
 3 SYSTEMPATH\View\View.php(216): CodeIgniter\View\View->CodeIgniter\View\{closure}()
 4 SYSTEMPATH\Common.php(1135): CodeIgniter\View\View->render('editarAdministrador', [], true)
 5 APPPATH\Controllers\Administradores.php(34): view('editarAdministrador')
 6 SYSTEMPATH\CodeIgniter.php(925): App\Controllers\Administradores->editarAdmin('1')
 7 SYSTEMPATH\CodeIgniter.php(480): CodeIgniter\CodeIgniter->runController(Object(App\Controllers\Administradores))
 8 SYSTEMPATH\CodeIgniter.php(349): CodeIgniter\CodeIgniter->handleRequest(null, Object(Config\Cache), false)
 9 FCPATH\index.php(67): CodeIgniter\CodeIgniter->run()
CRITICAL - 2023-01-12 04:26:56 --> Undefined variable $Admin
in APPPATH\Views\editarAdministrador.php on line 24.
 1 APPPATH\Views\editarAdministrador.php(24): CodeIgniter\Debug\Exceptions->errorHandler(2, 'Undefined variable $Admin', 'APPPATH\\Views\\editarAdministrador.php', 24)
 2 SYSTEMPATH\View\View.php(213): include('APPPATH\\Views\\editarAdministrador.php')
 3 SYSTEMPATH\View\View.php(216): CodeIgniter\View\View->CodeIgniter\View\{closure}()
 4 SYSTEMPATH\Common.php(1135): CodeIgniter\View\View->render('editarAdministrador', [], true)
 5 APPPATH\Controllers\Administradores.php(34): view('editarAdministrador')
 6 SYSTEMPATH\CodeIgniter.php(925): App\Controllers\Administradores->editarAdmin('1')
 7 SYSTEMPATH\CodeIgniter.php(480): CodeIgniter\CodeIgniter->runController(Object(App\Controllers\Administradores))
 8 SYSTEMPATH\CodeIgniter.php(349): CodeIgniter\CodeIgniter->handleRequest(null, Object(Config\Cache), false)
 9 FCPATH\index.php(67): CodeIgniter\CodeIgniter->run()
CRITICAL - 2023-01-12 04:36:38 --> Undefined variable $Admin
in APPPATH\Views\editarAdministrador.php on line 24.
 1 APPPATH\Views\editarAdministrador.php(24): CodeIgniter\Debug\Exceptions->errorHandler(2, 'Undefined variable $Admin', 'APPPATH\\Views\\editarAdministrador.php', 24)
 2 SYSTEMPATH\View\View.php(213): include('APPPATH\\Views\\editarAdministrador.php')
 3 SYSTEMPATH\View\View.php(216): CodeIgniter\View\View->CodeIgniter\View\{closure}()
 4 SYSTEMPATH\Common.php(1135): CodeIgniter\View\View->render('editarAdministrador', [], true)
 5 APPPATH\Controllers\Administradores.php(34): view('editarAdministrador')
 6 SYSTEMPATH\CodeIgniter.php(925): App\Controllers\Administradores->editarAdmin('1')
 7 SYSTEMPATH\CodeIgniter.php(480): CodeIgniter\CodeIgniter->runController(Object(App\Controllers\Administradores))
 8 SYSTEMPATH\CodeIgniter.php(349): CodeIgniter\CodeIgniter->handleRequest(null, Object(Config\Cache), false)
 9 FCPATH\index.php(67): CodeIgniter\CodeIgniter->run()
CRITICAL - 2023-01-12 04:55:52 --> Undefined variable $Admin
in APPPATH\Views\editarAdministrador.php on line 13.
 1 APPPATH\Views\editarAdministrador.php(13): CodeIgniter\Debug\Exceptions->errorHandler(2, 'Undefined variable $Admin', 'APPPATH\\Views\\editarAdministrador.php', 13)
 2 SYSTEMPATH\View\View.php(213): include('APPPATH\\Views\\editarAdministrador.php')
 3 SYSTEMPATH\View\View.php(216): CodeIgniter\View\View->CodeIgniter\View\{closure}()
 4 SYSTEMPATH\Common.php(1135): CodeIgniter\View\View->render('editarAdministrador', [], true)
 5 APPPATH\Controllers\Administradores.php(34): view('editarAdministrador')
 6 SYSTEMPATH\CodeIgniter.php(925): App\Controllers\Administradores->editarAdmin('1')
 7 SYSTEMPATH\CodeIgniter.php(480): CodeIgniter\CodeIgniter->runController(Object(App\Controllers\Administradores))
 8 SYSTEMPATH\CodeIgniter.php(349): CodeIgniter\CodeIgniter->handleRequest(null, Object(Config\Cache), false)
 9 FCPATH\index.php(67): CodeIgniter\CodeIgniter->run()
CRITICAL - 2023-01-12 05:34:17 --> Undefined variable $Admin
in APPPATH\Views\actualizarAdministrador.php on line 20.
 1 APPPATH\Views\actualizarAdministrador.php(20): CodeIgniter\Debug\Exceptions->errorHandler(2, 'Undefined variable $Admin', 'APPPATH\\Views\\actualizarAdministrador.php', 20)
 2 SYSTEMPATH\View\View.php(213): include('APPPATH\\Views\\actualizarAdministrador.php')
 3 SYSTEMPATH\View\View.php(216): CodeIgniter\View\View->CodeIgniter\View\{closure}()
 4 SYSTEMPATH\Common.php(1135): CodeIgniter\View\View->render('actualizarAdministrador', [], true)
 5 APPPATH\Controllers\Administradores.php(33): view('actualizarAdministrador', [...])
 6 SYSTEMPATH\CodeIgniter.php(925): App\Controllers\Administradores->editarAdmin('1')
 7 SYSTEMPATH\CodeIgniter.php(480): CodeIgniter\CodeIgniter->runController(Object(App\Controllers\Administradores))
 8 SYSTEMPATH\CodeIgniter.php(349): CodeIgniter\CodeIgniter->handleRequest(null, Object(Config\Cache), false)
 9 FCPATH\index.php(67): CodeIgniter\CodeIgniter->run()
CRITICAL - 2023-01-12 06:03:53 --> Undefined variable $Admin
in APPPATH\Views\actualizarAdministrador.php on line 20.
 1 APPPATH\Views\actualizarAdministrador.php(20): CodeIgniter\Debug\Exceptions->errorHandler(2, 'Undefined variable $Admin', 'APPPATH\\Views\\actualizarAdministrador.php', 20)
 2 SYSTEMPATH\View\View.php(213): include('APPPATH\\Views\\actualizarAdministrador.php')
 3 SYSTEMPATH\View\View.php(216): CodeIgniter\View\View->CodeIgniter\View\{closure}()
 4 SYSTEMPATH\Common.php(1135): CodeIgniter\View\View->render('actualizarAdministrador', [], true)
 5 APPPATH\Controllers\Administradores.php(33): view('actualizarAdministrador', [...])
 6 SYSTEMPATH\CodeIgniter.php(925): App\Controllers\Administradores->editarAdmin('1')
 7 SYSTEMPATH\CodeIgniter.php(480): CodeIgniter\CodeIgniter->runController(Object(App\Controllers\Administradores))
 8 SYSTEMPATH\CodeIgniter.php(349): CodeIgniter\CodeIgniter->handleRequest(null, Object(Config\Cache), false)
 9 FCPATH\index.php(67): CodeIgniter\CodeIgniter->run()
CRITICAL - 2023-01-12 06:15:13 --> Undefined variable $profesores
in APPPATH\Views\pagAdmin.php on line 63.
 1 APPPATH\Views\pagAdmin.php(63): CodeIgniter\Debug\Exceptions->errorHandler(2, 'Undefined variable $profesores', 'APPPATH\\Views\\pagAdmin.php', 63)
 2 SYSTEMPATH\View\View.php(213): include('APPPATH\\Views\\pagAdmin.php')
 3 SYSTEMPATH\View\View.php(216): CodeIgniter\View\View->CodeIgniter\View\{closure}()
 4 SYSTEMPATH\Common.php(1135): CodeIgniter\View\View->render('pagAdmin', [], true)
 5 APPPATH\Controllers\Administradores.php(19): view('pagAdmin', [...])
 6 SYSTEMPATH\CodeIgniter.php(925): App\Controllers\Administradores->listarAdmins()
 7 SYSTEMPATH\CodeIgniter.php(480): CodeIgniter\CodeIgniter->runController(Object(App\Controllers\Administradores))
 8 SYSTEMPATH\CodeIgniter.php(349): CodeIgniter\CodeIgniter->handleRequest(null, Object(Config\Cache), false)
 9 FCPATH\index.php(67): CodeIgniter\CodeIgniter->run()
